<?xml version="1.0" encoding="UTF-8"?>
<!-- Generated by org.testng.reporters.JUnitXMLReporter -->
<testsuite ignored="0" hostname="DESKTOP-H3GIJ8P" failures="0" tests="3" name="Default test" time="34.521" errors="0" timestamp="2020-05-30T14:05:56 EDT">
  <testcase classname="com.hrms.testcases.LoginTest" name="InvalidPasswordAdminLogin" time="1.24"/>
  <testcase classname="com.hrms.testcases.LoginTest" name="emptyUsername" time="0.293"/>
  <testcase classname="com.hrms.testcases.LoginTest" name="validAdminLogin" time="6.997"/>
</testsuite> <!-- Default test -->
