<?xml version="1.0" encoding="UTF-8"?>
<!-- Generated by org.testng.reporters.JUnitXMLReporter -->
<testsuite ignored="0" hostname="DESKTOP-H3GIJ8P" failures="0" tests="3" name="Test" time="57.271" errors="0" timestamp="2020-06-02T02:14:35 EDT">
  <testcase classname="com.hrms.testcases.DefineDifferentReports" name="addDifferentReports" time="9.187"/>
  <testcase classname="com.hrms.testcases.DefineDifferentReports" name="addDifferentReports" time="9.821"/>
  <testcase classname="com.hrms.testcases.DefineDifferentReports" name="addDifferentReports" time="9.581"/>
</testsuite> <!-- Test -->
