<?xml version="1.0" encoding="UTF-8"?>
<!-- Generated by org.testng.reporters.JUnitXMLReporter -->
<testsuite ignored="4" hostname="DESKTOP-H3GIJ8P" failures="0" tests="3" name="Test" time="49.288" errors="0" timestamp="2020-05-30T14:39:22 EDT">
  <testcase classname="com.hrms.testcases.AddEmployeeTest" name="addEmployee" time="15.141"/>
  <testcase classname="com.hrms.testcases.LoginTest" name="emptyUsername" time="0.295"/>
  <testcase classname="com.hrms.testcases.LoginTest" name="invalidPasswordAdminLogin" time="1.714"/>
  <testcase classname="com.hrms.testcases.AddEmployeeTest" name="verifyLabels" time="0.0">
    <ignored/>
  </testcase> <!-- verifyLabels -->
  <testcase classname="com.hrms.testcases.AddEmployeeTest" name="login" time="0.0">
    <ignored/>
  </testcase> <!-- login -->
  <testcase classname="com.hrms.testcases.AddEmployeeTest" name="verifyEmployeeAdded" time="0.0">
    <ignored/>
  </testcase> <!-- verifyEmployeeAdded -->
  <testcase classname="com.hrms.testcases.LoginTest" name="validAdminLogin" time="0.0">
    <ignored/>
  </testcase> <!-- validAdminLogin -->
</testsuite> <!-- Test -->
