<?xml version="1.0" encoding="UTF-8"?>
<!-- Generated by org.testng.reporters.JUnitXMLReporter -->
<testsuite ignored="7" hostname="DESKTOP-H3GIJ8P" failures="0" tests="3" name="Test" time="38.786" errors="0" timestamp="2020-06-01T01:00:07 EDT">
  <testcase classname="com.hrms.testcases.AddEmployeeTest" name="addEmployee" time="8.285"/>
  <testcase classname="com.hrms.testcases.LoginTest" name="emptyUsername" time="0.247"/>
  <testcase classname="com.hrms.testcases.LoginTest" name="invalidPasswordAdminLogin" time="1.047"/>
  <testcase classname="com.hrms.testcases.LoginTest" name="timeStamp" time="0.0">
    <ignored/>
  </testcase> <!-- timeStamp -->
  <testcase classname="com.hrms.testbase.BaseClass" name="@BeforeTest generateReport" time="0.0">
    <ignored/>
  </testcase> <!-- @BeforeTest generateReport -->
  <testcase classname="com.hrms.testcases.AddEmployeeTest" name="verifyLabels" time="0.0">
    <ignored/>
  </testcase> <!-- verifyLabels -->
  <testcase classname="com.hrms.testbase.BaseClass" name="@AfterTest writeReport" time="0.0">
    <ignored/>
  </testcase> <!-- @AfterTest writeReport -->
  <testcase classname="com.hrms.testcases.AddEmployeeTest" name="login" time="0.0">
    <ignored/>
  </testcase> <!-- login -->
  <testcase classname="com.hrms.testcases.AddEmployeeTest" name="verifyEmployeeAdded" time="0.0">
    <ignored/>
  </testcase> <!-- verifyEmployeeAdded -->
  <testcase classname="com.hrms.testcases.LoginTest" name="validAdminLogin" time="0.0">
    <ignored/>
  </testcase> <!-- validAdminLogin -->
</testsuite> <!-- Test -->
