<?xml version="1.0" encoding="UTF-8"?>
<testng-results ignored="11" total="19" passed="7" failed="1" skipped="0">
  <reporter-output>
  </reporter-output>
  <suite started-at="2020-06-02T21:02:52 EDT" name="Regression Suite" finished-at="2020-06-02T21:05:23 EDT" duration-ms="151267">
    <groups>
      <group name="regression">
        <method signature="AddEmployeeTest.addEmployee()[pri:3, instance:com.hrms.testcases.AddEmployeeTest@1df82230]" name="addEmployee" class="com.hrms.testcases.AddEmployeeTest"/>
        <method signature="AddMultipleEmployee.addMultipleEmployee(java.lang.String, java.lang.String, java.lang.String, java.lang.String, java.lang.String, java.lang.String)[pri:0, instance:com.hrms.testcases.AddMultipleEmployee@4c15e7fd]" name="addMultipleEmployee" class="com.hrms.testcases.AddMultipleEmployee"/>
        <method signature="LoginTest.emptyUsername()[pri:0, instance:com.hrms.testcases.LoginTest@23986957]" name="emptyUsername" class="com.hrms.testcases.LoginTest"/>
        <method signature="LoginTest.invalidPasswordAdminLogin()[pri:0, instance:com.hrms.testcases.LoginTest@23986957]" name="invalidPasswordAdminLogin" class="com.hrms.testcases.LoginTest"/>
      </group> <!-- regression -->
    </groups>
    <test started-at="2020-06-02T21:02:52 EDT" name="Test" finished-at="2020-06-02T21:05:23 EDT" duration-ms="151267">
      <class name="com.hrms.testcases.AddMultipleEmployee">
        <test-method is-config="true" signature="setUp()[pri:0, instance:com.hrms.testcases.AddMultipleEmployee@4c15e7fd]" started-at="2020-06-02T21:03:59 EDT" name="setUp" finished-at="2020-06-02T21:04:06 EDT" duration-ms="6612" status="PASS">
          <reporter-output>
          </reporter-output>
        </test-method> <!-- setUp -->
        <test-method signature="addMultipleEmployee(java.lang.String, java.lang.String, java.lang.String, java.lang.String, java.lang.String, java.lang.String)[pri:0, instance:com.hrms.testcases.AddMultipleEmployee@4c15e7fd]" started-at="2020-06-02T21:04:06 EDT" name="addMultipleEmployee" data-provider="getData" finished-at="2020-06-02T21:04:13 EDT" duration-ms="7602" status="PASS">
          <params>
            <param index="0">
              <value>
                <![CDATA[Reyhan]]>
              </value>
            </param>
            <param index="1">
              <value>
                <![CDATA[T]]>
              </value>
            </param>
            <param index="2">
              <value>
                <![CDATA[Barindik]]>
              </value>
            </param>
            <param index="3">
              <value>
                <![CDATA[reyhane@gamil.com]]>
              </value>
            </param>
            <param index="4">
              <value>
                <![CDATA[njfjffbf@]]>
              </value>
            </param>
            <param index="5">
              <value>
                <![CDATA[njfjffbf@]]>
              </value>
            </param>
          </params>
          <reporter-output>
          </reporter-output>
        </test-method> <!-- addMultipleEmployee -->
        <test-method is-config="true" signature="tearDown()[pri:0, instance:com.hrms.testcases.AddMultipleEmployee@4c15e7fd]" started-at="2020-06-02T21:04:14 EDT" name="tearDown" finished-at="2020-06-02T21:04:14 EDT" duration-ms="724" status="PASS">
          <reporter-output>
          </reporter-output>
        </test-method> <!-- tearDown -->
        <test-method is-config="true" signature="setUp()[pri:0, instance:com.hrms.testcases.AddMultipleEmployee@4c15e7fd]" started-at="2020-06-02T21:04:14 EDT" name="setUp" finished-at="2020-06-02T21:04:23 EDT" duration-ms="8623" status="PASS">
          <reporter-output>
          </reporter-output>
        </test-method> <!-- setUp -->
        <test-method signature="addMultipleEmployee(java.lang.String, java.lang.String, java.lang.String, java.lang.String, java.lang.String, java.lang.String)[pri:0, instance:com.hrms.testcases.AddMultipleEmployee@4c15e7fd]" started-at="2020-06-02T21:04:23 EDT" name="addMultipleEmployee" data-provider="getData" finished-at="2020-06-02T21:04:34 EDT" duration-ms="11226" status="PASS">
          <params>
            <param index="0">
              <value>
                <![CDATA[Yunus]]>
              </value>
            </param>
            <param index="1">
              <value>
                <![CDATA[Y]]>
              </value>
            </param>
            <param index="2">
              <value>
                <![CDATA[Yakut]]>
              </value>
            </param>
            <param index="3">
              <value>
                <![CDATA[yunusss@gmail.com]]>
              </value>
            </param>
            <param index="4">
              <value>
                <![CDATA[jhskjfhjk@]]>
              </value>
            </param>
            <param index="5">
              <value>
                <![CDATA[jhskjfhjk@]]>
              </value>
            </param>
          </params>
          <reporter-output>
          </reporter-output>
        </test-method> <!-- addMultipleEmployee -->
        <test-method is-config="true" signature="tearDown()[pri:0, instance:com.hrms.testcases.AddMultipleEmployee@4c15e7fd]" started-at="2020-06-02T21:04:34 EDT" name="tearDown" finished-at="2020-06-02T21:04:35 EDT" duration-ms="669" status="PASS">
          <reporter-output>
          </reporter-output>
        </test-method> <!-- tearDown -->
        <test-method is-config="true" signature="setUp()[pri:0, instance:com.hrms.testcases.AddMultipleEmployee@4c15e7fd]" started-at="2020-06-02T21:04:35 EDT" name="setUp" finished-at="2020-06-02T21:04:43 EDT" duration-ms="8298" status="PASS">
          <reporter-output>
          </reporter-output>
        </test-method> <!-- setUp -->
        <test-method signature="addMultipleEmployee(java.lang.String, java.lang.String, java.lang.String, java.lang.String, java.lang.String, java.lang.String)[pri:0, instance:com.hrms.testcases.AddMultipleEmployee@4c15e7fd]" started-at="2020-06-02T21:04:43 EDT" name="addMultipleEmployee" data-provider="getData" finished-at="2020-06-02T21:04:51 EDT" duration-ms="7479" status="PASS">
          <params>
            <param index="0">
              <value>
                <![CDATA[Gulsum]]>
              </value>
            </param>
            <param index="1">
              <value>
                <![CDATA[G]]>
              </value>
            </param>
            <param index="2">
              <value>
                <![CDATA[Inci]]>
              </value>
            </param>
            <param index="3">
              <value>
                <![CDATA[gulsuminic@gamil.com]]>
              </value>
            </param>
            <param index="4">
              <value>
                <![CDATA[jhffgfhg#@]]>
              </value>
            </param>
            <param index="5">
              <value>
                <![CDATA[jhffgfhg#@]]>
              </value>
            </param>
          </params>
          <reporter-output>
          </reporter-output>
        </test-method> <!-- addMultipleEmployee -->
        <test-method is-config="true" signature="tearDown()[pri:0, instance:com.hrms.testcases.AddMultipleEmployee@4c15e7fd]" started-at="2020-06-02T21:04:51 EDT" name="tearDown" finished-at="2020-06-02T21:04:52 EDT" duration-ms="619" status="PASS">
          <reporter-output>
          </reporter-output>
        </test-method> <!-- tearDown -->
        <test-method is-config="true" signature="setUp()[pri:0, instance:com.hrms.testcases.AddMultipleEmployee@4c15e7fd]" started-at="2020-06-02T21:04:52 EDT" name="setUp" finished-at="2020-06-02T21:04:58 EDT" duration-ms="6463" status="PASS">
          <reporter-output>
          </reporter-output>
        </test-method> <!-- setUp -->
        <test-method signature="addMultipleEmployee(java.lang.String, java.lang.String, java.lang.String, java.lang.String, java.lang.String, java.lang.String)[pri:0, instance:com.hrms.testcases.AddMultipleEmployee@4c15e7fd]" started-at="2020-06-02T21:04:58 EDT" name="addMultipleEmployee" data-provider="getData" finished-at="2020-06-02T21:05:07 EDT" duration-ms="8494" status="PASS">
          <params>
            <param index="0">
              <value>
                <![CDATA[Senel]]>
              </value>
            </param>
            <param index="1">
              <value>
                <![CDATA[D]]>
              </value>
            </param>
            <param index="2">
              <value>
                <![CDATA[Duman]]>
              </value>
            </param>
            <param index="3">
              <value>
                <![CDATA[senelDuman@gmail.com]]>
              </value>
            </param>
            <param index="4">
              <value>
                <![CDATA[hfsjkhfh$#]]>
              </value>
            </param>
            <param index="5">
              <value>
                <![CDATA[hfsjkhfh$#]]>
              </value>
            </param>
          </params>
          <reporter-output>
          </reporter-output>
        </test-method> <!-- addMultipleEmployee -->
        <test-method is-config="true" signature="tearDown()[pri:0, instance:com.hrms.testcases.AddMultipleEmployee@4c15e7fd]" started-at="2020-06-02T21:05:07 EDT" name="tearDown" finished-at="2020-06-02T21:05:08 EDT" duration-ms="639" status="PASS">
          <reporter-output>
          </reporter-output>
        </test-method> <!-- tearDown -->
        <test-method is-config="true" signature="setUp()[pri:0, instance:com.hrms.testcases.AddMultipleEmployee@4c15e7fd]" started-at="2020-06-02T21:05:08 EDT" name="setUp" finished-at="2020-06-02T21:05:16 EDT" duration-ms="7704" status="PASS">
          <reporter-output>
          </reporter-output>
        </test-method> <!-- setUp -->
        <test-method signature="addMultipleEmployee(java.lang.String, java.lang.String, java.lang.String, java.lang.String, java.lang.String, java.lang.String)[pri:0, instance:com.hrms.testcases.AddMultipleEmployee@4c15e7fd]" started-at="2020-06-02T21:05:16 EDT" name="addMultipleEmployee" data-provider="getData" finished-at="2020-06-02T21:05:22 EDT" duration-ms="6584" status="PASS">
          <params>
            <param index="0">
              <value>
                <![CDATA[Turker]]>
              </value>
            </param>
            <param index="1">
              <value>
                <![CDATA[D]]>
              </value>
            </param>
            <param index="2">
              <value>
                <![CDATA[Dogruer]]>
              </value>
            </param>
            <param index="3">
              <value>
                <![CDATA[turkerdogruer@gmail.com]]>
              </value>
            </param>
            <param index="4">
              <value>
                <![CDATA[jbkjvjbjvkjj@]]>
              </value>
            </param>
            <param index="5">
              <value>
                <![CDATA[jbkjvjbjvkjj@]]>
              </value>
            </param>
          </params>
          <reporter-output>
          </reporter-output>
        </test-method> <!-- addMultipleEmployee -->
        <test-method is-config="true" signature="tearDown()[pri:0, instance:com.hrms.testcases.AddMultipleEmployee@4c15e7fd]" started-at="2020-06-02T21:05:22 EDT" name="tearDown" finished-at="2020-06-02T21:05:23 EDT" duration-ms="655" status="PASS">
          <reporter-output>
          </reporter-output>
        </test-method> <!-- tearDown -->
      </class> <!-- com.hrms.testcases.AddMultipleEmployee -->
      <class name="com.hrms.testcases.LoginTest">
        <test-method is-config="true" signature="setUp()[pri:0, instance:com.hrms.testcases.LoginTest@23986957]" started-at="2020-06-02T21:02:52 EDT" name="setUp" finished-at="2020-06-02T21:02:59 EDT" duration-ms="6936" status="PASS">
          <reporter-output>
          </reporter-output>
        </test-method> <!-- setUp -->
        <test-method signature="emptyUsername()[pri:0, instance:com.hrms.testcases.LoginTest@23986957]" started-at="2020-06-02T21:02:59 EDT" name="emptyUsername" finished-at="2020-06-02T21:02:59 EDT" duration-ms="287" status="PASS">
          <reporter-output>
          </reporter-output>
        </test-method> <!-- emptyUsername -->
        <test-method is-config="true" signature="tearDown()[pri:0, instance:com.hrms.testcases.LoginTest@23986957]" started-at="2020-06-02T21:03:00 EDT" name="tearDown" finished-at="2020-06-02T21:03:00 EDT" duration-ms="628" status="PASS">
          <reporter-output>
          </reporter-output>
        </test-method> <!-- tearDown -->
        <test-method is-config="true" signature="setUp()[pri:0, instance:com.hrms.testcases.LoginTest@23986957]" started-at="2020-06-02T21:03:00 EDT" name="setUp" finished-at="2020-06-02T21:03:07 EDT" duration-ms="6825" status="PASS">
          <reporter-output>
          </reporter-output>
        </test-method> <!-- setUp -->
        <test-method signature="invalidPasswordAdminLogin()[pri:0, instance:com.hrms.testcases.LoginTest@23986957]" started-at="2020-06-02T21:03:07 EDT" name="invalidPasswordAdminLogin" finished-at="2020-06-02T21:03:38 EDT" duration-ms="30962" status="FAIL">
          <exception class="org.openqa.selenium.NoSuchElementException">
            <message>
              <![CDATA[no such element: Unable to locate element: {"method":"css selector","selector":"#spanMessage"}
  (Session info: chrome=83.0.4103.61)
For documentation on this error, please visit: https://www.seleniumhq.org/exceptions/no_such_element.html
Build info: version: '3.141.59', revision: 'e82be7d358', time: '2018-11-14T08:17:03'
System info: host: 'DESKTOP-H3GIJ8P', ip: '10.230.145.200', os.name: 'Windows 10', os.arch: 'amd64', os.version: '10.0', java.version: '13.0.2'
Driver info: org.openqa.selenium.chrome.ChromeDriver
Capabilities {acceptInsecureCerts: false, browserName: chrome, browserVersion: 83.0.4103.61, chrome: {chromedriverVersion: 83.0.4103.39 (ccbf011cb2d2b..., userDataDir: C:\Users\reyha\AppData\Loca...}, goog:chromeOptions: {debuggerAddress: localhost:58027}, javascriptEnabled: true, networkConnectionEnabled: false, pageLoadStrategy: normal, platform: WINDOWS, platformName: WINDOWS, proxy: Proxy(), setWindowRect: true, strictFileInteractability: false, timeouts: {implicit: 0, pageLoad: 300000, script: 30000}, unhandledPromptBehavior: dismiss and notify, webauthn:virtualAuthenticators: true}
Session ID: b75c44cc25891af4977c0f7880545f38
*** Element info: {Using=id, value=spanMessage}]]>
            </message>
            <full-stacktrace>
              <![CDATA[org.openqa.selenium.NoSuchElementException: no such element: Unable to locate element: {"method":"css selector","selector":"#spanMessage"}
  (Session info: chrome=83.0.4103.61)
For documentation on this error, please visit: https://www.seleniumhq.org/exceptions/no_such_element.html
Build info: version: '3.141.59', revision: 'e82be7d358', time: '2018-11-14T08:17:03'
System info: host: 'DESKTOP-H3GIJ8P', ip: '10.230.145.200', os.name: 'Windows 10', os.arch: 'amd64', os.version: '10.0', java.version: '13.0.2'
Driver info: org.openqa.selenium.chrome.ChromeDriver
Capabilities {acceptInsecureCerts: false, browserName: chrome, browserVersion: 83.0.4103.61, chrome: {chromedriverVersion: 83.0.4103.39 (ccbf011cb2d2b..., userDataDir: C:\Users\reyha\AppData\Loca...}, goog:chromeOptions: {debuggerAddress: localhost:58027}, javascriptEnabled: true, networkConnectionEnabled: false, pageLoadStrategy: normal, platform: WINDOWS, platformName: WINDOWS, proxy: Proxy(), setWindowRect: true, strictFileInteractability: false, timeouts: {implicit: 0, pageLoad: 300000, script: 30000}, unhandledPromptBehavior: dismiss and notify, webauthn:virtualAuthenticators: true}
Session ID: b75c44cc25891af4977c0f7880545f38
*** Element info: {Using=id, value=spanMessage}
at java.base/jdk.internal.reflect.NativeConstructorAccessorImpl.newInstance0(Native Method)
at java.base/jdk.internal.reflect.NativeConstructorAccessorImpl.newInstance(NativeConstructorAccessorImpl.java:62)
at java.base/jdk.internal.reflect.DelegatingConstructorAccessorImpl.newInstance(DelegatingConstructorAccessorImpl.java:45)
at java.base/java.lang.reflect.Constructor.newInstanceWithCaller(Constructor.java:500)
at java.base/java.lang.reflect.Constructor.newInstance(Constructor.java:481)
at org.openqa.selenium.remote.http.W3CHttpResponseCodec.createException(W3CHttpResponseCodec.java:187)
at org.openqa.selenium.remote.http.W3CHttpResponseCodec.decode(W3CHttpResponseCodec.java:122)
at org.openqa.selenium.remote.http.W3CHttpResponseCodec.decode(W3CHttpResponseCodec.java:49)
at org.openqa.selenium.remote.HttpCommandExecutor.execute(HttpCommandExecutor.java:158)
at org.openqa.selenium.remote.service.DriverCommandExecutor.execute(DriverCommandExecutor.java:83)
at org.openqa.selenium.remote.RemoteWebDriver.execute(RemoteWebDriver.java:552)
at org.openqa.selenium.remote.RemoteWebDriver.findElement(RemoteWebDriver.java:323)
at org.openqa.selenium.remote.RemoteWebDriver.findElementById(RemoteWebDriver.java:372)
at org.openqa.selenium.By$ById.findElement(By.java:188)
at org.openqa.selenium.remote.RemoteWebDriver.findElement(RemoteWebDriver.java:315)
at org.openqa.selenium.support.pagefactory.DefaultElementLocator.findElement(DefaultElementLocator.java:69)
at org.openqa.selenium.support.pagefactory.internal.LocatingElementHandler.invoke(LocatingElementHandler.java:38)
at com.sun.proxy.$Proxy12.isDisplayed(Unknown Source)
at com.hrms.testcases.LoginTest.invalidPasswordAdminLogin(LoginTest.java:49)
at java.base/jdk.internal.reflect.NativeMethodAccessorImpl.invoke0(Native Method)
at java.base/jdk.internal.reflect.NativeMethodAccessorImpl.invoke(NativeMethodAccessorImpl.java:62)
at java.base/jdk.internal.reflect.DelegatingMethodAccessorImpl.invoke(DelegatingMethodAccessorImpl.java:43)
at java.base/java.lang.reflect.Method.invoke(Method.java:567)
at org.testng.internal.MethodInvocationHelper.invokeMethod(MethodInvocationHelper.java:134)
at org.testng.internal.TestInvoker.invokeMethod(TestInvoker.java:597)
at org.testng.internal.TestInvoker.invokeTestMethod(TestInvoker.java:173)
at org.testng.internal.MethodRunner.runInSequence(MethodRunner.java:46)
at org.testng.internal.TestInvoker$MethodInvocationAgent.invoke(TestInvoker.java:816)
at org.testng.internal.TestInvoker.invokeTestMethods(TestInvoker.java:146)
at org.testng.internal.TestMethodWorker.invokeTestMethods(TestMethodWorker.java:146)
at org.testng.internal.TestMethodWorker.run(TestMethodWorker.java:128)
at java.base/java.util.ArrayList.forEach(ArrayList.java:1507)
at org.testng.TestRunner.privateRun(TestRunner.java:766)
at org.testng.TestRunner.run(TestRunner.java:587)
at org.testng.SuiteRunner.runTest(SuiteRunner.java:384)
at org.testng.SuiteRunner.runSequentially(SuiteRunner.java:378)
at org.testng.SuiteRunner.privateRun(SuiteRunner.java:337)
at org.testng.SuiteRunner.run(SuiteRunner.java:286)
at org.testng.SuiteRunnerWorker.runSuite(SuiteRunnerWorker.java:53)
at org.testng.SuiteRunnerWorker.run(SuiteRunnerWorker.java:96)
at org.testng.TestNG.runSuitesSequentially(TestNG.java:1187)
at org.testng.TestNG.runSuitesLocally(TestNG.java:1109)
at org.testng.TestNG.runSuites(TestNG.java:1039)
at org.testng.TestNG.run(TestNG.java:1007)
at org.apache.maven.surefire.testng.TestNGExecutor.run(TestNGExecutor.java:283)
at org.apache.maven.surefire.testng.TestNGXmlTestSuite.execute(TestNGXmlTestSuite.java:75)
at org.apache.maven.surefire.testng.TestNGProvider.invoke(TestNGProvider.java:120)
at org.apache.maven.surefire.booter.ForkedBooter.runSuitesInProcess(ForkedBooter.java:377)
at org.apache.maven.surefire.booter.ForkedBooter.execute(ForkedBooter.java:138)
at org.apache.maven.surefire.booter.ForkedBooter.run(ForkedBooter.java:465)
at org.apache.maven.surefire.booter.ForkedBooter.main(ForkedBooter.java:451)
]]>
            </full-stacktrace>
          </exception> <!-- org.openqa.selenium.NoSuchElementException -->
          <reporter-output>
          </reporter-output>
        </test-method> <!-- invalidPasswordAdminLogin -->
        <test-method is-config="true" signature="tearDown()[pri:0, instance:com.hrms.testcases.LoginTest@23986957]" started-at="2020-06-02T21:03:39 EDT" name="tearDown" finished-at="2020-06-02T21:03:39 EDT" duration-ms="637" status="PASS">
          <reporter-output>
          </reporter-output>
        </test-method> <!-- tearDown -->
      </class> <!-- com.hrms.testcases.LoginTest -->
      <class name="com.hrms.testcases.AddEmployeeTest">
        <test-method is-config="true" signature="generateReport()[pri:0, instance:com.hrms.testcases.AddEmployeeTest@1df82230]" started-at="2020-06-02T21:02:52 EDT" name="generateReport" finished-at="2020-06-02T21:02:52 EDT" duration-ms="94" status="PASS">
          <reporter-output>
          </reporter-output>
        </test-method> <!-- generateReport -->
        <test-method is-config="true" signature="setUp()[pri:0, instance:com.hrms.testcases.AddEmployeeTest@1df82230]" started-at="2020-06-02T21:03:39 EDT" name="setUp" finished-at="2020-06-02T21:03:46 EDT" duration-ms="6462" status="PASS">
          <reporter-output>
          </reporter-output>
        </test-method> <!-- setUp -->
        <test-method signature="addEmployee()[pri:3, instance:com.hrms.testcases.AddEmployeeTest@1df82230]" started-at="2020-06-02T21:03:46 EDT" name="addEmployee" finished-at="2020-06-02T21:03:58 EDT" duration-ms="11803" status="PASS">
          <reporter-output>
          </reporter-output>
        </test-method> <!-- addEmployee -->
        <test-method is-config="true" signature="tearDown()[pri:0, instance:com.hrms.testcases.AddEmployeeTest@1df82230]" started-at="2020-06-02T21:03:58 EDT" name="tearDown" finished-at="2020-06-02T21:03:59 EDT" duration-ms="611" status="PASS">
          <reporter-output>
          </reporter-output>
        </test-method> <!-- tearDown -->
        <test-method is-config="true" signature="writeReport()[pri:0, instance:com.hrms.testcases.AddEmployeeTest@1df82230]" started-at="2020-06-02T21:05:23 EDT" name="writeReport" finished-at="2020-06-02T21:05:23 EDT" duration-ms="228" status="PASS">
          <reporter-output>
          </reporter-output>
        </test-method> <!-- writeReport -->
      </class> <!-- com.hrms.testcases.AddEmployeeTest -->
    </test> <!-- Test -->
  </suite> <!-- Regression Suite -->
</testng-results>
